<?xml version="1.0" encoding="UTF-8"?>
<testng-results ignored="0" total="1" passed="1" failed="0" skipped="0">
  <reporter-output>
    <line>
      <![CDATA[Execution in local system]]>
    </line>
    <line>
      <![CDATA[Browser is: chrome]]>
    </line>
    <line>
      <![CDATA[test data:admin]]>
    </line>
    <line>
      <![CDATA[Google]]>
    </line>
  </reporter-output>
  <suite started-at="2023-05-03T12:10:11 IST" name="Suite" finished-at="2023-05-03T12:10:39 IST" duration-ms="28024">
    <groups>
    </groups>
    <test started-at="2023-05-03T12:10:11 IST" name="Test" finished-at="2023-05-03T12:10:39 IST" duration-ms="28024">
      <class name="script.DemoTest">
        <test-method is-config="true" signature="preCondition(java.lang.String,java.lang.String,java.lang.String)[pri:0, instance:script.DemoTest@25641d39]" started-at="2023-05-03T12:10:11 IST" name="preCondition" finished-at="2023-05-03T12:10:34 IST" duration-ms="23726" status="PASS">
          <params>
            <param index="0">
              <value>
                <![CDATA[http://www.google.com]]>
              </value>
            </param>
            <param index="1">
              <value>
                <![CDATA[no]]>
              </value>
            </param>
            <param index="2">
              <value>
                <![CDATA[chrome]]>
              </value>
            </param>
          </params>
          <reporter-output>
            <line>
              <![CDATA[Execution in local system]]>
            </line>
            <line>
              <![CDATA[Browser is: chrome]]>
            </line>
          </reporter-output>
        </test-method> <!-- preCondition -->
        <test-method signature="demoTest1()[pri:0, instance:script.DemoTest@25641d39]" started-at="2023-05-03T12:10:34 IST" name="demoTest1" finished-at="2023-05-03T12:10:38 IST" duration-ms="3977" status="PASS">
          <reporter-output>
            <line>
              <![CDATA[test data:admin]]>
            </line>
            <line>
              <![CDATA[Google]]>
            </line>
          </reporter-output>
        </test-method> <!-- demoTest1 -->
        <test-method is-config="true" signature="postCondition()[pri:0, instance:script.DemoTest@25641d39]" started-at="2023-05-03T12:10:38 IST" name="postCondition" finished-at="2023-05-03T12:10:39 IST" duration-ms="268" status="PASS">
          <reporter-output>
          </reporter-output>
        </test-method> <!-- postCondition -->
      </class> <!-- script.DemoTest -->
    </test> <!-- Test -->
  </suite> <!-- Suite -->
</testng-results>
